<?xml version="1.0" encoding="UTF-8"?>
<!-- Generated by org.testng.reporters.JUnitReportReporter -->
<testsuite skipped="0" hostname="Himanshusingh01" name="TestCases.testB" tests="1" failures="0" timestamp="01 Oct 2019 12:06:17 GMT" time="11.178" errors="0">
  <testcase name="showTitle" time="11.178" classname="TestCases.testB"/>
</testsuite> <!-- TestCases.testB -->
