<?xml version="1.0" encoding="UTF-8"?>
<!-- Generated by org.testng.reporters.JUnitReportReporter -->
<testsuite skipped="0" hostname="Himanshusingh01" name="TestCases.testA" tests="3" failures="0" timestamp="01 Oct 2019 12:16:51 GMT" time="30.267" errors="0">
  <testcase name="verifyHideButton" time="11.144" classname="TestCases.testA"/>
  <testcase name="VerifyShowButton" time="8.391" classname="TestCases.testA"/>
  <testcase name="showTitle" time="10.732" classname="TestCases.testA"/>
</testsuite> <!-- TestCases.testA -->
