<?xml version="1.0" encoding="UTF-8"?>
<!-- Generated by org.testng.reporters.JUnitReportReporter -->
<testsuite skipped="0" hostname="Himanshusingh01" name="TestCases.testModule" tests="3" failures="0" timestamp="01 Oct 2019 12:37:17 GMT" time="30.204" errors="0">
  <testcase name="verifyHideButton" time="11.092" classname="TestCases.testModule"/>
  <testcase name="VerifyShowButton" time="8.495" classname="TestCases.testModule"/>
  <testcase name="showTitle" time="10.617" classname="TestCases.testModule"/>
</testsuite> <!-- TestCases.testModule -->
